<?xml version="1.0" encoding="UTF-8"?>
<!-- Generated by org.testng.reporters.JUnitXMLReporter -->
<testsuite ignored="3" hostname="DESKTOP-FASLHMI" failures="0" tests="2" name="Test" time="332.762" errors="0" timestamp="2025-11-16T12:07:06 IST">
  <testcase classname="com.infosys.automationqa.test.AmazonLoginTest" name="successfulLogin" time="293.044"/>
  <testcase classname="com.infosys.automationqa.test.AmazonHomePageTest" name="getAllLinks" time="34.047"/>
  <testcase classname="com.infosys.automationqa.test.AmazonHomePageTest" name="Searchitem" time="0.0">
    <ignored/>
  </testcase> <!-- Searchitem -->
  <testcase classname="com.infosys.automationqa.base.BaseTest" name="@BeforeSuite setup" time="0.0">
    <ignored/>
  </testcase> <!-- @BeforeSuite setup -->
  <testcase classname="com.infosys.automationqa.base.BaseTest" name="@AfterSuite tearDown" time="0.0">
    <ignored/>
  </testcase> <!-- @AfterSuite tearDown -->
</testsuite> <!-- Test -->
