<?xml version="1.0" encoding="UTF-8"?>
<testng-results ignored="1" total="3" passed="2" failed="0" skipped="0">
  <reporter-output>
  </reporter-output>
  <suite started-at="2025-11-16T12:01:31 IST" name="Suite" finished-at="2025-11-16T12:07:04 IST" duration-ms="332762">
    <groups>
    </groups>
    <test started-at="2025-11-16T12:01:31 IST" name="Test" finished-at="2025-11-16T12:07:04 IST" duration-ms="332762">
      <class name="com.infosys.automationqa.test.AmazonLoginTest">
        <test-method is-config="true" signature="setup()[pri:0, instance:com.infosys.automationqa.test.AmazonLoginTest@d35dea7]" started-at="2025-11-16T11:59:32 IST" name="setup" finished-at="2025-11-16T12:01:31 IST" duration-ms="118953" status="PASS">
          <reporter-output>
          </reporter-output>
        </test-method> <!-- setup -->
        <test-method signature="successfulLogin()[pri:1, instance:com.infosys.automationqa.test.AmazonLoginTest@d35dea7]" started-at="2025-11-16T12:01:36 IST" name="successfulLogin" finished-at="2025-11-16T12:06:29 IST" duration-ms="293044" status="PASS">
          <reporter-output>
          </reporter-output>
        </test-method> <!-- successfulLogin -->
        <test-method is-config="true" signature="tearDown()[pri:0, instance:com.infosys.automationqa.test.AmazonLoginTest@d35dea7]" started-at="2025-11-16T12:07:06 IST" name="tearDown" finished-at="2025-11-16T12:07:44 IST" duration-ms="37970" status="PASS">
          <reporter-output>
          </reporter-output>
        </test-method> <!-- tearDown -->
      </class> <!-- com.infosys.automationqa.test.AmazonLoginTest -->
      <class name="com.infosys.automationqa.test.AmazonHomePageTest">
        <test-method signature="getAllLinks()[pri:2, instance:com.infosys.automationqa.test.AmazonHomePageTest@41a2befb]" started-at="2025-11-16T12:06:30 IST" name="getAllLinks" finished-at="2025-11-16T12:07:04 IST" duration-ms="34047" status="PASS">
          <reporter-output>
          </reporter-output>
        </test-method> <!-- getAllLinks -->
      </class> <!-- com.infosys.automationqa.test.AmazonHomePageTest -->
    </test> <!-- Test -->
  </suite> <!-- Suite -->
</testng-results>
