<?xml version="1.0" encoding="UTF-8"?>
<!-- Generated by org.testng.reporters.JUnitReportReporter -->
<testsuite hostname="DESKTOP-FASLHMI" failures="0" tests="2" name="com.infosys.automationqa.test.AmazonHomePageTest" time="34.047" errors="0" timestamp="2025-11-16T12:07:45 IST" skipped="1">
  <testcase classname="com.infosys.automationqa.test.AmazonHomePageTest" name="getAllLinks" time="34.047"/>
  <testcase classname="com.infosys.automationqa.test.AmazonHomePageTest" name="Searchitem">
    <skipped/>
  </testcase> <!-- Searchitem -->
</testsuite> <!-- com.infosys.automationqa.test.AmazonHomePageTest -->
